<?xml version="1.0" encoding="UTF-8"?>
<!-- Generated by org.testng.reporters.JUnitXMLReporter -->
<testsuite ignored="0" hostname="Pradeep" failures="1" tests="4" name="Default test" time="62.844" errors="0" timestamp="2025-02-12T13:28:18 IST">
  <testcase classname="UITest" name="userRegistration" time="9.082"/>
  <testcase classname="UITest" name="userLogin" time="4.106"/>
  <testcase classname="UITest" name="openNewSavingsAccount" time="32.403">
    <failure type="com.microsoft.playwright.TimeoutError" message="Error {
  message=&amp;apos;Timeout 30000ms exceeded.
  name=&amp;apos;TimeoutError
  stack=&amp;apos;TimeoutError: Timeout 30000ms exceeded.
    at ProgressController.run (C:\Users\prade\AppData\Local\Temp\playwright-java-4547900141245838937\package\lib\server\progress.js:78:26)
    at Frame.selectOption (C:\Users\prade\AppData\Local\Temp\playwright-java-4547900141245838937\package\lib\server\frames.js:1159:23)
    at FrameDispatcher.selectOption (C:\Users\prade\AppData\Local\Temp\playwright-java-4547900141245838937\package\lib\server\dispatchers\frameDispatcher.js:242:33)
    at FrameDispatcher._handleCommand (C:\Users\prade\AppData\Local\Temp\playwright-java-4547900141245838937\package\lib\server\dispatchers\dispatcher.js:94:40)
    at DispatcherConnection.dispatch (C:\Users\prade\AppData\Local\Temp\playwright-java-4547900141245838937\package\lib\server\dispatchers\dispatcher.js:365:39)
}
Call log:
- waiting for locator(&amp;quot;[name=&amp;apos;type&amp;apos;]&amp;quot;)
">
      <![CDATA[com.microsoft.playwright.TimeoutError: Error {
  message='Timeout 30000ms exceeded.
  name='TimeoutError
  stack='TimeoutError: Timeout 30000ms exceeded.
    at ProgressController.run (C:\Users\prade\AppData\Local\Temp\playwright-java-4547900141245838937\package\lib\server\progress.js:78:26)
    at Frame.selectOption (C:\Users\prade\AppData\Local\Temp\playwright-java-4547900141245838937\package\lib\server\frames.js:1159:23)
    at FrameDispatcher.selectOption (C:\Users\prade\AppData\Local\Temp\playwright-java-4547900141245838937\package\lib\server\dispatchers\frameDispatcher.js:242:33)
    at FrameDispatcher._handleCommand (C:\Users\prade\AppData\Local\Temp\playwright-java-4547900141245838937\package\lib\server\dispatchers\dispatcher.js:94:40)
    at DispatcherConnection.dispatch (C:\Users\prade\AppData\Local\Temp\playwright-java-4547900141245838937\package\lib\server\dispatchers\dispatcher.js:365:39)
}
Call log:
- waiting for locator("[name='type']")

at com.microsoft.playwright.impl.WaitableResult.get(WaitableResult.java:52)
at com.microsoft.playwright.impl.ChannelOwner.runUntil(ChannelOwner.java:120)
at com.microsoft.playwright.impl.Connection.sendMessage(Connection.java:130)
at com.microsoft.playwright.impl.ChannelOwner.sendMessage(ChannelOwner.java:106)
at com.microsoft.playwright.impl.FrameImpl.selectOption(FrameImpl.java:722)
at com.microsoft.playwright.impl.FrameImpl.selectOptionImpl(FrameImpl.java:701)
at com.microsoft.playwright.impl.PageImpl.lambda$selectOption$67(PageImpl.java:1090)
at com.microsoft.playwright.impl.LoggingSupport.withLogging(LoggingSupport.java:47)
at com.microsoft.playwright.impl.ChannelOwner.withLogging(ChannelOwner.java:89)
at com.microsoft.playwright.impl.PageImpl.selectOption(PageImpl.java:1089)
at com.microsoft.playwright.impl.PageImpl.selectOption(PageImpl.java:1078)
at com.microsoft.playwright.Page.selectOption(Page.java:6424)
at UITest.openNewSavingsAccount(UITest.java:66)
at java.base/jdk.internal.reflect.DirectMethodHandleAccessor.invoke(DirectMethodHandleAccessor.java:103)
at java.base/java.lang.reflect.Method.invoke(Method.java:580)
at org.testng.internal.invokers.MethodInvocationHelper.invokeMethod(MethodInvocationHelper.java:141)
at org.testng.internal.invokers.TestInvoker.invokeMethod(TestInvoker.java:686)
at org.testng.internal.invokers.TestInvoker.invokeTestMethod(TestInvoker.java:230)
at org.testng.internal.invokers.MethodRunner.runInSequence(MethodRunner.java:63)
at org.testng.internal.invokers.TestInvoker$MethodInvocationAgent.invoke(TestInvoker.java:992)
at org.testng.internal.invokers.TestInvoker.invokeTestMethods(TestInvoker.java:203)
at org.testng.internal.invokers.TestMethodWorker.invokeTestMethods(TestMethodWorker.java:154)
at org.testng.internal.invokers.TestMethodWorker.run(TestMethodWorker.java:134)
at java.base/java.util.ArrayList.forEach(ArrayList.java:1597)
at org.testng.TestRunner.privateRun(TestRunner.java:739)
at org.testng.TestRunner.run(TestRunner.java:614)
at org.testng.SuiteRunner.runTest(SuiteRunner.java:421)
at org.testng.SuiteRunner.runSequentially(SuiteRunner.java:413)
at org.testng.SuiteRunner.privateRun(SuiteRunner.java:373)
at org.testng.SuiteRunner.run(SuiteRunner.java:312)
at org.testng.SuiteRunnerWorker.runSuite(SuiteRunnerWorker.java:52)
at org.testng.SuiteRunnerWorker.run(SuiteRunnerWorker.java:95)
at org.testng.TestNG.runSuitesSequentially(TestNG.java:1274)
at org.testng.TestNG.runSuitesLocally(TestNG.java:1208)
at org.testng.TestNG.runSuites(TestNG.java:1112)
at org.testng.TestNG.run(TestNG.java:1079)
at org.testng.remote.AbstractRemoteTestNG.run(AbstractRemoteTestNG.java:115)
at org.testng.remote.RemoteTestNG.initAndRun(RemoteTestNG.java:293)
at org.testng.remote.RemoteTestNG.main(RemoteTestNG.java:91)
Caused by: com.microsoft.playwright.TimeoutError: Error {
  message='Timeout 30000ms exceeded.
  name='TimeoutError
  stack='TimeoutError: Timeout 30000ms exceeded.
    at ProgressController.run (C:\Users\prade\AppData\Local\Temp\playwright-java-4547900141245838937\package\lib\server\progress.js:78:26)
    at Frame.selectOption (C:\Users\prade\AppData\Local\Temp\playwright-java-4547900141245838937\package\lib\server\frames.js:1159:23)
    at FrameDispatcher.selectOption (C:\Users\prade\AppData\Local\Temp\playwright-java-4547900141245838937\package\lib\server\dispatchers\frameDispatcher.js:242:33)
    at FrameDispatcher._handleCommand (C:\Users\prade\AppData\Local\Temp\playwright-java-4547900141245838937\package\lib\server\dispatchers\dispatcher.js:94:40)
    at DispatcherConnection.dispatch (C:\Users\prade\AppData\Local\Temp\playwright-java-4547900141245838937\package\lib\server\dispatchers\dispatcher.js:365:39)
}
Call log:
- waiting for locator("[name='type']")

at com.microsoft.playwright.impl.Connection.dispatch(Connection.java:254)
at com.microsoft.playwright.impl.Connection.processOneMessage(Connection.java:211)
at com.microsoft.playwright.impl.ChannelOwner.runUntil(ChannelOwner.java:118)
... 37 more
]]>
    </failure>
  </testcase> <!-- openNewSavingsAccount -->
  <testcase classname="UITest" name="transferFunds" time="0.0">
    <skipped/>
  </testcase> <!-- transferFunds -->
</testsuite> <!-- Default test -->
