<?xml version="1.0" encoding="UTF-8"?>
<testng-results ignored="0" total="4" passed="2" failed="1" skipped="1">
  <reporter-output>
  </reporter-output>
  <suite started-at="2025-02-12T13:27:15 IST" name="Default suite" finished-at="2025-02-12T13:28:18 IST" duration-ms="62844">
    <groups>
    </groups>
    <test started-at="2025-02-12T13:27:15 IST" name="Default test" finished-at="2025-02-12T13:28:18 IST" duration-ms="62844">
      <class name="UITest">
        <test-method is-config="true" signature="setup()[pri:0, instance:UITest@7f485fda]" started-at="2025-02-12T13:27:15 IST" name="setup" finished-at="2025-02-12T13:27:31 IST" duration-ms="15699" status="PASS">
          <reporter-output>
          </reporter-output>
        </test-method> <!-- setup -->
        <test-method is-config="true" signature="createContextAndPage()[pri:0, instance:UITest@7f485fda]" started-at="2025-02-12T13:27:31 IST" name="createContextAndPage" finished-at="2025-02-12T13:27:31 IST" duration-ms="438" status="PASS">
          <reporter-output>
          </reporter-output>
        </test-method> <!-- createContextAndPage -->
        <test-method signature="userRegistration()[pri:1, instance:UITest@7f485fda]" started-at="2025-02-12T13:27:31 IST" name="userRegistration" finished-at="2025-02-12T13:27:40 IST" duration-ms="9082" status="PASS">
          <reporter-output>
          </reporter-output>
        </test-method> <!-- userRegistration -->
        <test-method is-config="true" signature="closeContext()[pri:0, instance:UITest@7f485fda]" started-at="2025-02-12T13:27:40 IST" name="closeContext" finished-at="2025-02-12T13:27:40 IST" duration-ms="92" status="PASS">
          <reporter-output>
          </reporter-output>
        </test-method> <!-- closeContext -->
        <test-method is-config="true" signature="createContextAndPage()[pri:0, instance:UITest@7f485fda]" started-at="2025-02-12T13:27:40 IST" name="createContextAndPage" finished-at="2025-02-12T13:27:40 IST" duration-ms="222" status="PASS">
          <reporter-output>
          </reporter-output>
        </test-method> <!-- createContextAndPage -->
        <test-method signature="userLogin()[pri:2, instance:UITest@7f485fda]" started-at="2025-02-12T13:27:40 IST" name="userLogin" finished-at="2025-02-12T13:27:44 IST" depends-on-methods="UITest.userRegistration" duration-ms="4106" status="PASS">
          <reporter-output>
          </reporter-output>
        </test-method> <!-- userLogin -->
        <test-method is-config="true" signature="closeContext()[pri:0, instance:UITest@7f485fda]" started-at="2025-02-12T13:27:44 IST" name="closeContext" finished-at="2025-02-12T13:27:45 IST" duration-ms="63" status="PASS">
          <reporter-output>
          </reporter-output>
        </test-method> <!-- closeContext -->
        <test-method is-config="true" signature="createContextAndPage()[pri:0, instance:UITest@7f485fda]" started-at="2025-02-12T13:27:45 IST" name="createContextAndPage" finished-at="2025-02-12T13:27:45 IST" duration-ms="208" status="PASS">
          <reporter-output>
          </reporter-output>
        </test-method> <!-- createContextAndPage -->
        <test-method signature="openNewSavingsAccount()[pri:3, instance:UITest@7f485fda]" started-at="2025-02-12T13:27:45 IST" name="openNewSavingsAccount" finished-at="2025-02-12T13:28:17 IST" depends-on-methods="UITest.userLogin" duration-ms="32403" status="FAIL">
          <exception class="com.microsoft.playwright.TimeoutError">
            <message>
              <![CDATA[Error {
  message='Timeout 30000ms exceeded.
  name='TimeoutError
  stack='TimeoutError: Timeout 30000ms exceeded.
    at ProgressController.run (C:\Users\prade\AppData\Local\Temp\playwright-java-4547900141245838937\package\lib\server\progress.js:78:26)
    at Frame.selectOption (C:\Users\prade\AppData\Local\Temp\playwright-java-4547900141245838937\package\lib\server\frames.js:1159:23)
    at FrameDispatcher.selectOption (C:\Users\prade\AppData\Local\Temp\playwright-java-4547900141245838937\package\lib\server\dispatchers\frameDispatcher.js:242:33)
    at FrameDispatcher._handleCommand (C:\Users\prade\AppData\Local\Temp\playwright-java-4547900141245838937\package\lib\server\dispatchers\dispatcher.js:94:40)
    at DispatcherConnection.dispatch (C:\Users\prade\AppData\Local\Temp\playwright-java-4547900141245838937\package\lib\server\dispatchers\dispatcher.js:365:39)
}
Call log:
- waiting for locator("[name='type']")
]]>
            </message>
            <full-stacktrace>
              <![CDATA[com.microsoft.playwright.TimeoutError: Error {
  message='Timeout 30000ms exceeded.
  name='TimeoutError
  stack='TimeoutError: Timeout 30000ms exceeded.
    at ProgressController.run (C:\Users\prade\AppData\Local\Temp\playwright-java-4547900141245838937\package\lib\server\progress.js:78:26)
    at Frame.selectOption (C:\Users\prade\AppData\Local\Temp\playwright-java-4547900141245838937\package\lib\server\frames.js:1159:23)
    at FrameDispatcher.selectOption (C:\Users\prade\AppData\Local\Temp\playwright-java-4547900141245838937\package\lib\server\dispatchers\frameDispatcher.js:242:33)
    at FrameDispatcher._handleCommand (C:\Users\prade\AppData\Local\Temp\playwright-java-4547900141245838937\package\lib\server\dispatchers\dispatcher.js:94:40)
    at DispatcherConnection.dispatch (C:\Users\prade\AppData\Local\Temp\playwright-java-4547900141245838937\package\lib\server\dispatchers\dispatcher.js:365:39)
}
Call log:
- waiting for locator("[name='type']")

at com.microsoft.playwright.impl.WaitableResult.get(WaitableResult.java:52)
at com.microsoft.playwright.impl.ChannelOwner.runUntil(ChannelOwner.java:120)
at com.microsoft.playwright.impl.Connection.sendMessage(Connection.java:130)
at com.microsoft.playwright.impl.ChannelOwner.sendMessage(ChannelOwner.java:106)
at com.microsoft.playwright.impl.FrameImpl.selectOption(FrameImpl.java:722)
at com.microsoft.playwright.impl.FrameImpl.selectOptionImpl(FrameImpl.java:701)
at com.microsoft.playwright.impl.PageImpl.lambda$selectOption$67(PageImpl.java:1090)
at com.microsoft.playwright.impl.LoggingSupport.withLogging(LoggingSupport.java:47)
at com.microsoft.playwright.impl.ChannelOwner.withLogging(ChannelOwner.java:89)
at com.microsoft.playwright.impl.PageImpl.selectOption(PageImpl.java:1089)
at com.microsoft.playwright.impl.PageImpl.selectOption(PageImpl.java:1078)
at com.microsoft.playwright.Page.selectOption(Page.java:6424)
at UITest.openNewSavingsAccount(UITest.java:66)
at java.base/jdk.internal.reflect.DirectMethodHandleAccessor.invoke(DirectMethodHandleAccessor.java:103)
at java.base/java.lang.reflect.Method.invoke(Method.java:580)
at org.testng.internal.invokers.MethodInvocationHelper.invokeMethod(MethodInvocationHelper.java:141)
at org.testng.internal.invokers.TestInvoker.invokeMethod(TestInvoker.java:686)
at org.testng.internal.invokers.TestInvoker.invokeTestMethod(TestInvoker.java:230)
at org.testng.internal.invokers.MethodRunner.runInSequence(MethodRunner.java:63)
at org.testng.internal.invokers.TestInvoker$MethodInvocationAgent.invoke(TestInvoker.java:992)
at org.testng.internal.invokers.TestInvoker.invokeTestMethods(TestInvoker.java:203)
at org.testng.internal.invokers.TestMethodWorker.invokeTestMethods(TestMethodWorker.java:154)
at org.testng.internal.invokers.TestMethodWorker.run(TestMethodWorker.java:134)
at java.base/java.util.ArrayList.forEach(ArrayList.java:1597)
at org.testng.TestRunner.privateRun(TestRunner.java:739)
at org.testng.TestRunner.run(TestRunner.java:614)
at org.testng.SuiteRunner.runTest(SuiteRunner.java:421)
at org.testng.SuiteRunner.runSequentially(SuiteRunner.java:413)
at org.testng.SuiteRunner.privateRun(SuiteRunner.java:373)
at org.testng.SuiteRunner.run(SuiteRunner.java:312)
at org.testng.SuiteRunnerWorker.runSuite(SuiteRunnerWorker.java:52)
at org.testng.SuiteRunnerWorker.run(SuiteRunnerWorker.java:95)
at org.testng.TestNG.runSuitesSequentially(TestNG.java:1274)
at org.testng.TestNG.runSuitesLocally(TestNG.java:1208)
at org.testng.TestNG.runSuites(TestNG.java:1112)
at org.testng.TestNG.run(TestNG.java:1079)
at org.testng.remote.AbstractRemoteTestNG.run(AbstractRemoteTestNG.java:115)
at org.testng.remote.RemoteTestNG.initAndRun(RemoteTestNG.java:293)
at org.testng.remote.RemoteTestNG.main(RemoteTestNG.java:91)
Caused by: com.microsoft.playwright.TimeoutError: Error {
  message='Timeout 30000ms exceeded.
  name='TimeoutError
  stack='TimeoutError: Timeout 30000ms exceeded.
    at ProgressController.run (C:\Users\prade\AppData\Local\Temp\playwright-java-4547900141245838937\package\lib\server\progress.js:78:26)
    at Frame.selectOption (C:\Users\prade\AppData\Local\Temp\playwright-java-4547900141245838937\package\lib\server\frames.js:1159:23)
    at FrameDispatcher.selectOption (C:\Users\prade\AppData\Local\Temp\playwright-java-4547900141245838937\package\lib\server\dispatchers\frameDispatcher.js:242:33)
    at FrameDispatcher._handleCommand (C:\Users\prade\AppData\Local\Temp\playwright-java-4547900141245838937\package\lib\server\dispatchers\dispatcher.js:94:40)
    at DispatcherConnection.dispatch (C:\Users\prade\AppData\Local\Temp\playwright-java-4547900141245838937\package\lib\server\dispatchers\dispatcher.js:365:39)
}
Call log:
- waiting for locator("[name='type']")

at com.microsoft.playwright.impl.Connection.dispatch(Connection.java:254)
at com.microsoft.playwright.impl.Connection.processOneMessage(Connection.java:211)
at com.microsoft.playwright.impl.ChannelOwner.runUntil(ChannelOwner.java:118)
... 37 more
]]>
            </full-stacktrace>
          </exception> <!-- com.microsoft.playwright.TimeoutError -->
          <reporter-output>
          </reporter-output>
        </test-method> <!-- openNewSavingsAccount -->
        <test-method is-config="true" signature="closeContext()[pri:0, instance:UITest@7f485fda]" started-at="2025-02-12T13:28:17 IST" name="closeContext" finished-at="2025-02-12T13:28:17 IST" duration-ms="58" status="PASS">
          <reporter-output>
          </reporter-output>
        </test-method> <!-- closeContext -->
        <test-method signature="transferFunds()[pri:4, instance:UITest@7f485fda]" started-at="2025-02-12T13:28:17 IST" name="transferFunds" finished-at="2025-02-12T13:28:17 IST" depends-on-methods="UITest.openNewSavingsAccount" duration-ms="0" status="SKIP">
          <exception class="java.lang.Throwable">
            <message>
              <![CDATA[Method UITest.transferFunds() on instance UITest@7f485fda depends on not successfully finished methods 
[UITest.openNewSavingsAccount() on instance UITest@7f485fda]]]>
            </message>
            <full-stacktrace>
              <![CDATA[java.lang.Throwable: Method UITest.transferFunds() on instance UITest@7f485fda depends on not successfully finished methods 
[UITest.openNewSavingsAccount() on instance UITest@7f485fda]
at org.testng.internal.invokers.TestInvoker.invokeTestMethods(TestInvoker.java:159)
at org.testng.internal.invokers.TestMethodWorker.invokeTestMethods(TestMethodWorker.java:154)
at org.testng.internal.invokers.TestMethodWorker.run(TestMethodWorker.java:134)
at java.base/java.util.ArrayList.forEach(ArrayList.java:1597)
at org.testng.TestRunner.privateRun(TestRunner.java:739)
at org.testng.TestRunner.run(TestRunner.java:614)
at org.testng.SuiteRunner.runTest(SuiteRunner.java:421)
at org.testng.SuiteRunner.runSequentially(SuiteRunner.java:413)
at org.testng.SuiteRunner.privateRun(SuiteRunner.java:373)
at org.testng.SuiteRunner.run(SuiteRunner.java:312)
at org.testng.SuiteRunnerWorker.runSuite(SuiteRunnerWorker.java:52)
at org.testng.SuiteRunnerWorker.run(SuiteRunnerWorker.java:95)
at org.testng.TestNG.runSuitesSequentially(TestNG.java:1274)
at org.testng.TestNG.runSuitesLocally(TestNG.java:1208)
at org.testng.TestNG.runSuites(TestNG.java:1112)
at org.testng.TestNG.run(TestNG.java:1079)
at org.testng.remote.AbstractRemoteTestNG.run(AbstractRemoteTestNG.java:115)
at org.testng.remote.RemoteTestNG.initAndRun(RemoteTestNG.java:293)
at org.testng.remote.RemoteTestNG.main(RemoteTestNG.java:91)
]]>
            </full-stacktrace>
          </exception> <!-- java.lang.Throwable -->
          <reporter-output>
          </reporter-output>
        </test-method> <!-- transferFunds -->
        <test-method is-config="true" signature="tearDown()[pri:0, instance:UITest@7f485fda]" started-at="2025-02-12T13:28:17 IST" name="tearDown" finished-at="2025-02-12T13:28:18 IST" duration-ms="376" status="PASS">
          <reporter-output>
          </reporter-output>
        </test-method> <!-- tearDown -->
      </class> <!-- UITest -->
    </test> <!-- Default test -->
  </suite> <!-- Default suite -->
</testng-results>
